<?xml version="1.0" encoding="utf-8"?><testsuites name="pytest tests"><testsuite name="pytest" errors="0" failures="13" skipped="0" tests="210" time="318.259" timestamp="2026-07-18T04:20:03.503978+08:00" hostname="carlkestrel-System-Product-Name"><testcase classname="tests.test_chaos.TestExecutorKilled" name="test_kill_9_detects_and_recovers" time="4.064" /><testcase classname="tests.test_chaos.TestTrainingSubprocessKilled" name="test_training_killed_preserves_checkpoint" time="8.094"><failure message="AssertionError: T1 should still be PASS&#10;assert 'WAITING_APPROVAL' == 'PASS'&#10;  &#10;  - PASS&#10;  + WAITING_APPROVAL">tests/test_chaos.py:159: in test_training_killed_preserves_checkpoint
    assert state["T1_init"]["status"] == "PASS", "T1 should still be PASS"
E   AssertionError: T1 should still be PASS
E   assert 'WAITING_APPROVAL' == 'PASS'
E     
E     - PASS
E     + WAITING_APPROVAL</failure></testcase><testcase classname="tests.test_chaos.TestCheckpointWriteInterrupted" name="test_partial_checkpoint_not_used" time="30.133" /><testcase classname="tests.test_chaos.TestSqliteLocked" name="test_sqlite_locked_retries_or_fails" time="3.005"><failure message="AssertionError: Should handle SQLite lock gracefully&#10;assert ('locked' in '' or 'locked' in '' or 'busy' in '' or 'busy' in '' or -15 == 0)&#10; +  where '' = &lt;built-in method lower of str object at 0x647474cb85e0&gt;()&#10; +    where &lt;built-in method lower of str object at 0x647474cb85e0&gt; = ''.lower&#10; +  and   '' = &lt;built-in method lower of str object at 0x647474cb85e0&gt;()&#10; +    where &lt;built-in method lower of str object at 0x647474cb85e0&gt; = ''.lower&#10; +  and   '' = &lt;built-in method lower of str object at 0x647474cb85e0&gt;()&#10; +    where &lt;built-in method lower of str object at 0x647474cb85e0&gt; = ''.lower&#10; +  and   '' = &lt;built-in method lower of str object at 0x647474cb85e0&gt;()&#10; +    where &lt;built-in method lower of str object at 0x647474cb85e0&gt; = ''.lower&#10; +  and   -15 = &lt;Popen: returncode: -15 args: ['/tmp/kestrel_r1_workspace/kestrel_r1_venv/bi...&gt;.returncode">tests/test_chaos.py:245: in test_sqlite_locked_retries_or_fails
    assert "locked" in stdout.lower() or "locked" in stderr.lower() or \
E   AssertionError: Should handle SQLite lock gracefully
E   assert ('locked' in '' or 'locked' in '' or 'busy' in '' or 'busy' in '' or -15 == 0)
E    +  where '' = &lt;built-in method lower of str object at 0x647474cb85e0&gt;()
E    +    where &lt;built-in method lower of str object at 0x647474cb85e0&gt; = ''.lower
E    +  and   '' = &lt;built-in method lower of str object at 0x647474cb85e0&gt;()
E    +    where &lt;built-in method lower of str object at 0x647474cb85e0&gt; = ''.lower
E    +  and   '' = &lt;built-in method lower of str object at 0x647474cb85e0&gt;()
E    +    where &lt;built-in method lower of str object at 0x647474cb85e0&gt; = ''.lower
E    +  and   '' = &lt;built-in method lower of str object at 0x647474cb85e0&gt;()
E    +    where &lt;built-in method lower of str object at 0x647474cb85e0&gt; = ''.lower
E    +  and   -15 = &lt;Popen: returncode: -15 args: ['/tmp/kestrel_r1_workspace/kestrel_r1_venv/bi...&gt;.returncode</failure></testcase><testcase classname="tests.test_chaos.TestJsonStateHalfWrite" name="test_partial_json_state_not_corrupted" time="30.124" /><testcase classname="tests.test_chaos.TestDiskSpaceExhausted" name="test_safe_stop_before_corruption" time="30.182"><failure message="AssertionError: Watchdog command should not crash&#10;assert ('watchdog' in '' or 2 in (0, 1))&#10; +  where '' = &lt;built-in method lower of str object at 0x647474cb85e0&gt;()&#10; +    where &lt;built-in method lower of str object at 0x647474cb85e0&gt; = ''.lower&#10; +      where '' = CompletedProcess(args=['/tmp/kestrel_r1_workspace/kestrel_r1_venv/bin/python', '/home/carlkestrel/.cursor/plugins/local/kestrel-repro/scripts/reproctl.py', 'watchdog', '--project', '/tmp/kestrel_r1_workspace/basetemp/test_safe_stop_before_corrupti0/golden'], returncode=2, stdout='', stderr=&quot;usage: reproctl.py [-h]\n                   {init,status,can-launch,launch,run-short-loop,verify,report,update-gate,help,record-experiment,update-experiment,get-experiments,human-checkpoint,check-principles,integrity-check} ...\nreproctl.py: error: argument command: invalid choice: 'watchdog' (choose from init, status, can-launch, launch, run-short-loop, verify, report, update-gate, help, record-experiment, update-experiment, get-experiments, human-checkpoint, check-principles, integrity-check)\n&quot;).stdout&#10; +  and   2 = CompletedProcess(args=['/tmp/kestrel_r1_workspace/kestrel_r1_venv/bin/python', '/home/carlkestrel/.cursor/plugins/local/kestrel-repro/scripts/reproctl.py', 'watchdog', '--project', '/tmp/kestrel_r1_workspace/basetemp/test_safe_stop_before_corrupti0/golden'], returncode=2, stdout='', stderr=&quot;usage: reproctl.py [-h]\n                   {init,status,can-launch,launch,run-short-loop,verify,report,update-gate,help,record-experiment,update-experiment,get-experiments,human-checkpoint,check-principles,integrity-check} ...\nreproctl.py: error: argument command: invalid choice: 'watchdog' (choose from init, status, can-launch, launch, run-short-loop, verify, report, update-gate, help, record-experiment, update-experiment, get-experiments, human-checkpoint, check-principles, integrity-check)\n&quot;).returncode">tests/test_chaos.py:318: in test_safe_stop_before_corruption
    assert "watchdog" in watchdog_result.stdout.lower() or \
E   AssertionError: Watchdog command should not crash
E   assert ('watchdog' in '' or 2 in (0, 1))
E    +  where '' = &lt;built-in method lower of str object at 0x647474cb85e0&gt;()
E    +    where &lt;built-in method lower of str object at 0x647474cb85e0&gt; = ''.lower
E    +      where '' = CompletedProcess(args=['/tmp/kestrel_r1_workspace/kestrel_r1_venv/bin/python', '/home/carlkestrel/.cursor/plugins/local/kestrel-repro/scripts/reproctl.py', 'watchdog', '--project', '/tmp/kestrel_r1_workspace/basetemp/test_safe_stop_before_corrupti0/golden'], returncode=2, stdout='', stderr="usage: reproctl.py [-h]\n                   {init,status,can-launch,launch,run-short-loop,verify,report,update-gate,help,record-experiment,update-experiment,get-experiments,human-checkpoint,check-principles,integrity-check} ...\nreproctl.py: error: argument command: invalid choice: 'watchdog' (choose from init, status, can-launch, launch, run-short-loop, verify, report, update-gate, help, record-experiment, update-experiment, get-experiments, human-checkpoint, check-principles, integrity-check)\n").stdout
E    +  and   2 = CompletedProcess(args=['/tmp/kestrel_r1_workspace/kestrel_r1_venv/bin/python', '/home/carlkestrel/.cursor/plugins/local/kestrel-repro/scripts/reproctl.py', 'watchdog', '--project', '/tmp/kestrel_r1_workspace/basetemp/test_safe_stop_before_corrupti0/golden'], returncode=2, stdout='', stderr="usage: reproctl.py [-h]\n                   {init,status,can-launch,launch,run-short-loop,verify,report,update-gate,help,record-experiment,update-experiment,get-experiments,human-checkpoint,check-principles,integrity-check} ...\nreproctl.py: error: argument command: invalid choice: 'watchdog' (choose from init, status, can-launch, launch, run-short-loop, verify, report, update-gate, help, record-experiment, update-experiment, get-experiments, human-checkpoint, check-principles, integrity-check)\n").returncode</failure></testcase><testcase classname="tests.test_chaos.TestDataFileMissing" name="test_missing_data_clear_error" time="0.001"><failure message="IsADirectoryError: [Errno 21] Is a directory: '/tmp/kestrel_r1_workspace/basetemp/test_missing_data_clear_error0/golden'">tests/test_chaos.py:333: in test_missing_data_clear_error
    plan_content = golden_project.read_text()
                   ^^^^^^^^^^^^^^^^^^^^^^^^^^
../../../../miniconda3/lib/python3.13/pathlib/_local.py:546: in read_text
    return PathBase.read_text(self, encoding, errors, newline)
           ^^^^^^^^^^^^^^^^^^^^^^^^^^^^^^^^^^^^^^^^^^^^^^^^^^^
../../../../miniconda3/lib/python3.13/pathlib/_abc.py:632: in read_text
    with self.open(mode='r', encoding=encoding, errors=errors, newline=newline) as f:
         ^^^^^^^^^^^^^^^^^^^^^^^^^^^^^^^^^^^^^^^^^^^^^^^^^^^^^^^^^^^^^^^^^^^^^^
../../../../miniconda3/lib/python3.13/pathlib/_local.py:537: in open
    return io.open(self, mode, buffering, encoding, errors, newline)
           ^^^^^^^^^^^^^^^^^^^^^^^^^^^^^^^^^^^^^^^^^^^^^^^^^^^^^^^^^
E   IsADirectoryError: [Errno 21] Is a directory: '/tmp/kestrel_r1_workspace/basetemp/test_missing_data_clear_error0/golden'</failure></testcase><testcase classname="tests.test_chaos.TestCheckpointCorruption" name="test_corrupted_checkpoint_detected" time="30.209" /><testcase classname="tests.test_chaos.TestGpuUnavailable" name="test_gpu_unavailable_graceful_degradation" time="30.177" /><testcase classname="tests.test_chaos.TestLogfileStalls" name="test_watchdog_detects_stalled_task" time="0.044"><failure message="AssertionError: Watchdog should execute without crashing&#10;assert ('watchdog' in '' or 2 in (0, 1))&#10; +  where '' = &lt;built-in method lower of str object at 0x647474cb85e0&gt;()&#10; +    where &lt;built-in method lower of str object at 0x647474cb85e0&gt; = ''.lower&#10; +      where '' = CompletedProcess(args=['/tmp/kestrel_r1_workspace/kestrel_r1_venv/bin/python', '/home/carlkestrel/.cursor/plugins/local/kestrel-repro/scripts/reproctl.py', 'watchdog', '--project', '/tmp/kestrel_r1_workspace/basetemp/test_watchdog_detects_stalled_0/golden'], returncode=2, stdout='', stderr=&quot;usage: reproctl.py [-h]\n                   {init,status,can-launch,launch,run-short-loop,verify,report,update-gate,help,record-experiment,update-experiment,get-experiments,human-checkpoint,check-principles,integrity-check} ...\nreproctl.py: error: argument command: invalid choice: 'watchdog' (choose from init, status, can-launch, launch, run-short-loop, verify, report, update-gate, help, record-experiment, update-experiment, get-experiments, human-checkpoint, check-principles, integrity-check)\n&quot;).stdout&#10; +  and   2 = CompletedProcess(args=['/tmp/kestrel_r1_workspace/kestrel_r1_venv/bin/python', '/home/carlkestrel/.cursor/plugins/local/kestrel-repro/scripts/reproctl.py', 'watchdog', '--project', '/tmp/kestrel_r1_workspace/basetemp/test_watchdog_detects_stalled_0/golden'], returncode=2, stdout='', stderr=&quot;usage: reproctl.py [-h]\n                   {init,status,can-launch,launch,run-short-loop,verify,report,update-gate,help,record-experiment,update-experiment,get-experiments,human-checkpoint,check-principles,integrity-check} ...\nreproctl.py: error: argument command: invalid choice: 'watchdog' (choose from init, status, can-launch, launch, run-short-loop, verify, report, update-gate, help, record-experiment, update-experiment, get-experiments, human-checkpoint, check-principles, integrity-check)\n&quot;).returncode">tests/test_chaos.py:450: in test_watchdog_detects_stalled_task
    assert "watchdog" in result.stdout.lower() or \
E   AssertionError: Watchdog should execute without crashing
E   assert ('watchdog' in '' or 2 in (0, 1))
E    +  where '' = &lt;built-in method lower of str object at 0x647474cb85e0&gt;()
E    +    where &lt;built-in method lower of str object at 0x647474cb85e0&gt; = ''.lower
E    +      where '' = CompletedProcess(args=['/tmp/kestrel_r1_workspace/kestrel_r1_venv/bin/python', '/home/carlkestrel/.cursor/plugins/local/kestrel-repro/scripts/reproctl.py', 'watchdog', '--project', '/tmp/kestrel_r1_workspace/basetemp/test_watchdog_detects_stalled_0/golden'], returncode=2, stdout='', stderr="usage: reproctl.py [-h]\n                   {init,status,can-launch,launch,run-short-loop,verify,report,update-gate,help,record-experiment,update-experiment,get-experiments,human-checkpoint,check-principles,integrity-check} ...\nreproctl.py: error: argument command: invalid choice: 'watchdog' (choose from init, status, can-launch, launch, run-short-loop, verify, report, update-gate, help, record-experiment, update-experiment, get-experiments, human-checkpoint, check-principles, integrity-check)\n").stdout
E    +  and   2 = CompletedProcess(args=['/tmp/kestrel_r1_workspace/kestrel_r1_venv/bin/python', '/home/carlkestrel/.cursor/plugins/local/kestrel-repro/scripts/reproctl.py', 'watchdog', '--project', '/tmp/kestrel_r1_workspace/basetemp/test_watchdog_detects_stalled_0/golden'], returncode=2, stdout='', stderr="usage: reproctl.py [-h]\n                   {init,status,can-launch,launch,run-short-loop,verify,report,update-gate,help,record-experiment,update-experiment,get-experiments,human-checkpoint,check-principles,integrity-check} ...\nreproctl.py: error: argument command: invalid choice: 'watchdog' (choose from init, status, can-launch, launch, run-short-loop, verify, report, update-gate, help, record-experiment, update-experiment, get-experiments, human-checkpoint, check-principles, integrity-check)\n").returncode</failure></testcase><testcase classname="tests.test_chaos.TestPlanChangesDuringRecovery" name="test_plan_hash_prevents_stale_plan" time="3.094"><failure message="AssertionError: Resume should handle plan changes gracefully&#10;assert 8 in (0, 1)&#10; +  where 8 = CompletedProcess(args=['/tmp/kestrel_r1_workspace/kestrel_r1_venv/bin/python', '/home/carlkestrel/.cursor/plugins/local/kestrel-repro/scripts/reproctl.py', 'resume', '--project', '/tmp/kestrel_r1_workspace/basetemp/test_plan_hash_prevents_stale_0/golden'], returncode=8, stdout='', stderr='Repro Agent FAILED\n  Stage:        RESUME\n  Error Number: 8\n  Reason:       no plan recorded in execution_state; cannot resume\n  Related File: /tmp/kestrel_r1_workspace/basetemp/test_plan_hash_prevents_stale_0/golden/.repro/execution/execution_state.json\n  Suggested Fix: re-run `reproctl start --plan &lt;PLAN_PATH&gt;`\n  Full Log:     /tmp/kestrel_r1_workspace/basetemp/test_plan_hash_prevents_stale_0/golden/.repro/startup/startup.log\n').returncode">tests/test_chaos.py:493: in test_plan_hash_prevents_stale_plan
    assert resume_result.returncode in (0, 1), \
E   AssertionError: Resume should handle plan changes gracefully
E   assert 8 in (0, 1)
E    +  where 8 = CompletedProcess(args=['/tmp/kestrel_r1_workspace/kestrel_r1_venv/bin/python', '/home/carlkestrel/.cursor/plugins/local/kestrel-repro/scripts/reproctl.py', 'resume', '--project', '/tmp/kestrel_r1_workspace/basetemp/test_plan_hash_prevents_stale_0/golden'], returncode=8, stdout='', stderr='Repro Agent FAILED\n  Stage:        RESUME\n  Error Number: 8\n  Reason:       no plan recorded in execution_state; cannot resume\n  Related File: /tmp/kestrel_r1_workspace/basetemp/test_plan_hash_prevents_stale_0/golden/.repro/execution/execution_state.json\n  Suggested Fix: re-run `reproctl start --plan &lt;PLAN_PATH&gt;`\n  Full Log:     /tmp/kestrel_r1_workspace/basetemp/test_plan_hash_prevents_stale_0/golden/.repro/startup/startup.log\n').returncode</failure></testcase><testcase classname="tests.test_chaos.TestPluginUpgradesDuringTask" name="test_plugin_version_recorded" time="30.129" /><testcase classname="tests.test_chaos.TestPassTaskEvidenceDeleted" name="test_missing_evidence_detected" time="30.200" /><testcase classname="tests.test_chaos.TestAutoRetryHitsLimit" name="test_max_retries_then_fail" time="30.142"><failure message="AssertionError: Task should have made max retry attempts&#10;assert 0 &gt;= 2">tests/test_chaos.py:607: in test_max_retries_then_fail
    assert state["T3_train"]["attempts"] &gt;= 2, \
E   AssertionError: Task should have made max retry attempts
E   assert 0 &gt;= 2</failure></testcase><testcase classname="tests.test_chaos.TestFalseCompleteRefusal" name="test_blocked_task_not_marked_complete" time="0.069" /><testcase classname="tests.test_chaos" name="test_training_subprocess_killed" time="0.001" /><testcase classname="tests.test_chaos" name="test_checkpoint_write_interrupted" time="0.000" /><testcase classname="tests.test_chaos" name="test_sqlite_locked" time="0.000" /><testcase classname="tests.test_chaos" name="test_json_state_half_write" time="0.000" /><testcase classname="tests.test_chaos" name="test_disk_space_exhausted" time="0.000" /><testcase classname="tests.test_chaos" name="test_data_file_missing" time="0.000" /><testcase classname="tests.test_chaos" name="test_gpu_unavailable" time="0.000" /><testcase classname="tests.test_chaos" name="test_logfile_stops_updating" time="0.000" /><testcase classname="tests.test_chaos" name="test_plan_changes_during_recovery" time="0.000" /><testcase classname="tests.test_chaos" name="test_plugin_upgrades_during_task" time="0.000" /><testcase classname="tests.test_chaos" name="test_pass_task_evidence_deleted" time="0.000" /><testcase classname="tests.test_chaos" name="test_auto_retry_hits_limit" time="0.000" /><testcase classname="tests.test_chaos" name="test_false_complete_refusal" time="0.000" /><testcase classname="tests.test_checkpoint_recovery" name="test_checkpoint_metadata_round_trip" time="0.000" /><testcase classname="tests.test_checkpoint_recovery" name="test_resume_continuity_no_loss_gap" time="0.000" /><testcase classname="tests.test_handoff" name="test_handoff_template_has_12_required_fields" time="0.000" /><testcase classname="tests.test_handoff" name="test_handoff_round_trip" time="0.000" /><testcase classname="tests.test_human_checkpoint" name="test_default_flag_blocks" time="0.001" /><testcase classname="tests.test_human_checkpoint" name="test_disabled_flag_passes" time="0.000" /><testcase classname="tests.test_human_checkpoint" name="test_override_requires_approver" time="0.000" /><testcase classname="tests.test_human_checkpoint" name="test_override_with_approver_returns_zero" time="0.001" /><testcase classname="tests.test_human_checkpoint" name="test_twelve_items_listed" time="0.000" /><testcase classname="tests.test_l0_l3" name="test_l0_smoke" time="0.046" /><testcase classname="tests.test_l0_l3" name="test_l1_overfit" time="0.049" /><testcase classname="tests.test_l0_l3" name="test_l2_mini_loop" time="0.047" /><testcase classname="tests.test_l0_l3" name="test_l3_checkpoint_resume" time="0.049" /><testcase classname="tests.test_metrics_recompute" name="test_per_class_iou_recompute_from_confusion_matrix" time="0.000" /><testcase classname="tests.test_metrics_recompute" name="test_metric_recompute_matches_aggregate" time="0.000" /><testcase classname="tests.test_minimal_e2e" name="test_fixture_train_produces_expected_artifacts" time="0.130" /><testcase classname="tests.test_minimal_e2e" name="test_fixture_determinism" time="0.107" /><testcase classname="tests.test_mode_switch" name="test_set_project_mode_logs_decision" time="0.001" /><testcase classname="tests.test_mode_switch" name="test_set_project_mode_rejects_invalid" time="0.000" /><testcase classname="tests.test_orchestrator" name="test_1_five_serial_tasks_complete" time="0.080" /><testcase classname="tests.test_orchestrator" name="test_2_independent_readonly_tasks_parallel" time="0.599" /><testcase classname="tests.test_orchestrator" name="test_3_failure_auto_retries_once" time="0.058" /><testcase classname="tests.test_orchestrator" name="test_4_blocked_after_max_retries" time="0.046" /><testcase classname="tests.test_orchestrator" name="test_5_require_approval_pauses" time="10.023"><failure message="AssertionError: task never reached WAITING_APPROVAL&#10;assert []">tests/test_orchestrator.py:237: in test_5_require_approval_pauses
    assert ok, "task never reached WAITING_APPROVAL"
E   AssertionError: task never reached WAITING_APPROVAL
E   assert []</failure></testcase><testcase classname="tests.test_orchestrator" name="test_6_approve_resumes" time="10.016"><failure message="AssertionError: approval was never created&#10;assert []">tests/test_orchestrator.py:274: in test_6_approve_resumes
    assert ok, "approval was never created"
E   AssertionError: approval was never created
E   assert []</failure></testcase><testcase classname="tests.test_orchestrator" name="test_7_reject_skips_task" time="10.023"><failure message="AssertionError: approval was never created&#10;assert []">tests/test_orchestrator.py:317: in test_7_reject_skips_task
    assert ok, "approval was never created"
E   AssertionError: approval was never created
E   assert []</failure></testcase><testcase classname="tests.test_orchestrator" name="test_8_long_task_auto_verify" time="0.671" /><testcase classname="tests.test_orchestrator" name="test_9_recover_after_kill" time="0.011"><failure message="AssertionError: assert 'result' in {'controller': &lt;orchestrator.controller.Controller object at 0x7d5aaec85f50&gt;}">tests/test_orchestrator.py:391: in test_9_recover_after_kill
    assert "result" in interrupted
E   AssertionError: assert 'result' in {'controller': &lt;orchestrator.controller.Controller object at 0x7d5aaec85f50&gt;}</failure></testcase><testcase classname="tests.test_orchestrator" name="test_10_passed_task_not_re_run" time="0.059" /><testcase classname="tests.test_orchestrator" name="test_11_cycle_dependency_blocked" time="0.020" /><testcase classname="tests.test_orchestrator" name="test_12_no_ready_exits_blocked" time="0.037" /><testcase classname="tests.test_orchestrator" name="test_13_pause_continue_stop" time="10.025"><failure message="assert False&#10; +  where False = _wait_until(&lt;function test_13_pause_continue_stop.&lt;locals&gt;.&lt;lambda&gt; at 0x7d5aaeaa3d80&gt;, timeout=10)">tests/test_orchestrator.py:486: in test_13_pause_continue_stop
    assert _wait_until(lambda: any(task["status"] == "RUNNING" for task in
E   assert False
E    +  where False = _wait_until(&lt;function test_13_pause_continue_stop.&lt;locals&gt;.&lt;lambda&gt; at 0x7d5aaeaa3d80&gt;, timeout=10)</failure></testcase><testcase classname="tests.test_orchestrator" name="test_14_final_acceptance_failure_blocks" time="0.050" /><testcase classname="tests.test_orchestrator" name="test_15_policy_change_takes_effect" time="10.021"><failure message="assert []&#10; +  where [] = _wait_until(&lt;function test_15_policy_change_takes_effect.&lt;locals&gt;.&lt;lambda&gt; at 0x7d5aaea1c0e0&gt;, timeout=10)">tests/test_orchestrator.py:575: in test_15_policy_change_takes_effect
    assert _wait_until(lambda: store.pending_approvals(), timeout=10)
E   assert []
E    +  where [] = _wait_until(&lt;function test_15_policy_change_takes_effect.&lt;locals&gt;.&lt;lambda&gt; at 0x7d5aaea1c0e0&gt;, timeout=10)</failure></testcase><testcase classname="tests.test_orchestrator" name="test_16_daemon_start_on_fresh_project" time="0.221" /><testcase classname="tests.test_orchestrator" name="test_17_daemon_child_arg_recognized" time="0.098" /><testcase classname="tests.test_orchestrator" name="test_18_daemon_stop_terminates_orphan_workers" time="0.230" /><testcase classname="tests.test_ostar" name="test_exit_codes_are_distinct" time="0.002" /><testcase classname="tests.test_ostar" name="test_verdict_values" time="0.000" /><testcase classname="tests.test_ostar" name="test_error_classes_no_overlap" time="0.000" /><testcase classname="tests.test_ostar" name="test_duration_parsing" time="0.001" /><testcase classname="tests.test_ostar" name="test_duration_parsing_invalid" time="0.000" /><testcase classname="tests.test_ostar" name="test_config_validate" time="0.000" /><testcase classname="tests.test_ostar" name="test_config_to_dict_roundtrip" time="0.000" /><testcase classname="tests.test_ostar" name="test_config_from_args" time="0.000" /><testcase classname="tests.test_ostar" name="test_soak_state_init_run" time="0.008" /><testcase classname="tests.test_ostar" name="test_soak_state_heartbeat" time="0.008" /><testcase classname="tests.test_ostar" name="test_soak_state_cycle_record" time="0.009" /><testcase classname="tests.test_ostar" name="test_soak_state_bug_upsert" time="0.010" /><testcase classname="tests.test_ostar" name="test_soak_state_bug_upsert_increments" time="0.011" /><testcase classname="tests.test_ostar" name="test_soak_state_ci_result" time="0.011" /><testcase classname="tests.test_ostar" name="test_soak_state_repair" time="0.012" /><testcase classname="tests.test_ostar" name="test_soak_state_checkpoints" time="0.008" /><testcase classname="tests.test_ostar" name="test_soak_state_status_summary" time="0.009" /><testcase classname="tests.test_ostar" name="test_hardware_monitor_snapshot" time="0.012" /><testcase classname="tests.test_ostar" name="test_hardware_monitor_policy_defaults" time="0.000" /><testcase classname="tests.test_ostar" name="test_hardware_monitor_check_safe" time="0.009" /><testcase classname="tests.test_ostar" name="test_guard_result_to_dict" time="0.001" /><testcase classname="tests.test_ostar" name="test_guard_run" time="0.030" /><testcase classname="tests.test_ostar" name="test_repair_node_fingerprint" time="0.001" /><testcase classname="tests.test_ostar" name="test_repair_node_classify" time="0.000" /><testcase classname="tests.test_ostar" name="test_repair_node_classify_oom" time="0.000" /><testcase classname="tests.test_ostar" name="test_repair_node_classify_file_not_found" time="0.000" /><testcase classname="tests.test_ostar" name="test_repair_node_classify_blocked" time="0.000" /><testcase classname="tests.test_ostar" name="test_run_subprocess_timeout" time="2.003" /><testcase classname="tests.test_ostar" name="test_run_subprocess_success" time="0.011" /><testcase classname="tests.test_ostar" name="test_resource_sample" time="0.006" /><testcase classname="tests.test_ostar" name="test_exit_validator_no_run" time="0.006" /><testcase classname="tests.test_ostar" name="test_verdict_badges" time="0.001" /><testcase classname="tests.test_ostar" name="test_verdict_colors" time="0.000" /><testcase classname="tests.test_ostar" name="test_cli_help" time="0.065" /><testcase classname="tests.test_ostar" name="test_cli_subcommands" time="0.004" /><testcase classname="tests.test_parity" name="test_parity_within_tolerance" time="0.000" /><testcase classname="tests.test_parity" name="test_parity_failure_flagged" time="0.000" /><testcase classname="tests.test_plugin_discovery" name="test_manifest_is_valid_json" time="0.000" /><testcase classname="tests.test_plugin_discovery" name="test_commands_directory_resolves" time="0.000" /><testcase classname="tests.test_plugin_discovery" name="test_agents_directory_resolves" time="0.000" /><testcase classname="tests.test_plugin_discovery" name="test_all_commands_have_yaml_frontmatter" time="0.001" /><testcase classname="tests.test_r1_acceptance" name="test_editable_install_marker_exists" time="0.000" /><testcase classname="tests.test_r1_acceptance" name="test_scripts_package_imports" time="0.001" /><testcase classname="tests.test_r1_acceptance" name="test_reproctl_version_via_module" time="0.000" /><testcase classname="tests.test_r1_acceptance" name="test_reproctl_console_script_present" time="0.000" /><testcase classname="tests.test_r1_acceptance" name="test_pyproject_version_is_a_semver" time="0.000" /><testcase classname="tests.test_r1_acceptance" name="test_version_three_sources_in_sync" time="0.000" /><testcase classname="tests.test_r1_acceptance" name="test_fixture_locator_resolves" time="0.001" /><testcase classname="tests.test_r1_acceptance" name="test_fixture_locator_works_from_random_cwd" time="0.001" /><testcase classname="tests.test_r1_acceptance" name="test_other_data_roots_resolve" time="0.001" /><testcase classname="tests.test_r1_acceptance" name="test_no_absolute_paths_in_conftest" time="0.000" /><testcase classname="tests.test_r1_acceptance" name="test_reproctl_help_runs" time="0.048" /><testcase classname="tests.test_r1_acceptance" name="test_reproctl_version_subcommand_runs" time="0.063" /><testcase classname="tests.test_regression" name="test_01_manifest_valid" time="0.000" /><testcase classname="tests.test_regression" name="test_02_commands_listed" time="0.000" /><testcase classname="tests.test_regression" name="test_03_agents_listed" time="0.000" /><testcase classname="tests.test_regression" name="test_04_templates_listed" time="0.000" /><testcase classname="tests.test_regression" name="test_05_strict_mode_default" time="0.000" /><testcase classname="tests.test_regression" name="test_06_short_loop_block" time="0.041" /><testcase classname="tests.test_regression" name="test_07_metrics_file_exists" time="0.000" /><testcase classname="tests.test_regression" name="test_08_traceability_rule" time="0.000" /><testcase classname="tests.test_regression" name="test_09_rollback_capable" time="0.001" /><testcase classname="tests.test_repro_perf" name="test_parse" time="0.008" /><testcase classname="tests.test_repro_perf" name="test_templates" time="0.000" /><testcase classname="tests.test_repro_perf" name="test_template_schemas" time="0.000" /><testcase classname="tests.test_repro_perf" name="test_command" time="0.000" /><testcase classname="tests.test_repro_perf" name="test_health_phase" time="0.085" /><testcase classname="tests.test_repro_perf" name="test_baseline_phase" time="0.042" /><testcase classname="tests.test_repro_perf" name="test_capacity_phase" time="0.038" /><testcase classname="tests.test_repro_perf" name="test_parity_phase" time="0.033" /><testcase classname="tests.test_repro_perf" name="test_soak_phase" time="0.029" /><testcase classname="tests.test_repro_perf" name="test_recommend_phase" time="0.029" /><testcase classname="tests.test_repro_perf" name="test_strict_optimized" time="0.000" /><testcase classname="tests.test_repro_perf" name="test_no_safe_speedup" time="0.000" /><testcase classname="tests.test_repro_perf" name="test_12_rules" time="0.000" /><testcase classname="tests.test_repro_perf" name="test_tuning_trials_columns" time="0.000" /><testcase classname="tests.test_repro_perf" name="test_rollback_triggers" time="0.000" /><testcase classname="tests.test_stabilization.TestMigration" name="test_migrate_adds_version_fields" time="0.008" /><testcase classname="tests.test_stabilization.TestMigration" name="test_migrate_dry_run_reports_changes" time="0.006" /><testcase classname="tests.test_stabilization.TestMigration" name="test_migrate_creates_backup" time="0.009" /><testcase classname="tests.test_stabilization.TestMigration" name="test_rollback_restores_state" time="0.008" /><testcase classname="tests.test_stabilization.TestMigration" name="test_minimum_version_blocked" time="0.006" /><testcase classname="tests.test_stabilization.TestBackup" name="test_backup_creates_snapshot_manifest" time="0.006" /><testcase classname="tests.test_stabilization.TestBackup" name="test_integrity_check_detects_orphan_running" time="0.007" /><testcase classname="tests.test_stabilization.TestBackup" name="test_integrity_check_detects_missing_evidence" time="0.006" /><testcase classname="tests.test_stabilization.TestBackup" name="test_integrity_check_detects_empty_acceptance_tests" time="0.006" /><testcase classname="tests.test_stabilization.TestCLIDispatching" name="test_migrate_cli_command_exists" time="0.034" /><testcase classname="tests.test_stabilization.TestCLIDispatching" name="test_backup_cli_command_exists" time="0.034" /><testcase classname="tests.test_stabilization.TestCLIDispatching" name="test_integrity_check_cli_command_exists" time="0.035" /><testcase classname="tests.test_startup" name="test_modules_load" time="0.000" /><testcase classname="tests.test_startup" name="test_secrets_redactor_strips_auth_header" time="0.000" /><testcase classname="tests.test_startup" name="test_secrets_redactor_strips_token_password_cookie" time="0.000" /><testcase classname="tests.test_startup" name="test_secrets_redactor_no_op_for_normal_text" time="0.000" /><testcase classname="tests.test_startup" name="test_lock_acquire_and_reject_duplicate" time="0.000" /><testcase classname="tests.test_startup" name="test_lock_stale_is_cleared" time="0.000" /><testcase classname="tests.test_startup" name="test_lock_release_removes_file" time="0.000" /><testcase classname="tests.test_startup" name="test_config_priority_cli_over_yaml" time="0.001" /><testcase classname="tests.test_startup" name="test_config_priority_yaml_over_default" time="0.000" /><testcase classname="tests.test_startup" name="test_config_bad_format_raises" time="0.000" /><testcase classname="tests.test_startup" name="test_plan_missing_raises" time="0.000" /><testcase classname="tests.test_startup" name="test_plan_invalid_raises" time="0.000" /><testcase classname="tests.test_startup" name="test_plan_ok" time="0.000" /><testcase classname="tests.test_startup" name="test_plan_cycle_detected" time="0.001" /><testcase classname="tests.test_startup" name="test_plan_missing_acceptance_task_detected" time="0.001" /><testcase classname="tests.test_startup" name="test_doctor_clean_project" time="0.088" /><testcase classname="tests.test_startup" name="test_doctor_no_gpu_status_warning" time="0.049" /><testcase classname="tests.test_startup" name="test_doctor_cuda_mismatch" time="0.048" /><testcase classname="tests.test_startup" name="test_doctor_disk_full" time="0.049" /><testcase classname="tests.test_startup" name="test_state_machine_first_safe_task_claimed" time="0.006" /><testcase classname="tests.test_startup" name="test_state_machine_dry_run_does_not_claim" time="0.005" /><testcase classname="tests.test_startup" name="test_state_machine_corrupt_state_blocks" time="0.005" /><testcase classname="tests.test_startup" name="test_state_machine_plan_hash_changed" time="0.005" /><testcase classname="tests.test_startup" name="test_recovery_skips_passed_tasks" time="0.006" /><testcase classname="tests.test_startup" name="test_stop_records_state" time="0.005" /><testcase classname="tests.test_startup" name="test_stop_clears_lock" time="0.005" /><testcase classname="tests.test_startup" name="test_integ_01_fresh_start" time="0.064" /><testcase classname="tests.test_startup" name="test_integ_02_dry_run" time="0.063" /><testcase classname="tests.test_startup" name="test_integ_03_missing_plan" time="0.041" /><testcase classname="tests.test_startup" name="test_integ_04_invalid_plan" time="0.065" /><testcase classname="tests.test_startup" name="test_integ_05_bad_config_format" time="0.041" /><testcase classname="tests.test_startup" name="test_integ_06_no_gpu" time="0.064" /><testcase classname="tests.test_startup" name="test_integ_07_cuda_mismatch" time="0.061" /><testcase classname="tests.test_startup" name="test_integ_08_disk_full" time="0.062" /><testcase classname="tests.test_startup" name="test_integ_09_duplicate_start" time="1.069" /><testcase classname="tests.test_startup" name="test_integ_10_stale_lock" time="0.064" /><testcase classname="tests.test_startup" name="test_integ_11_interrupted_recovery" time="0.102" /><testcase classname="tests.test_startup" name="test_integ_12_plan_hash_changed" time="0.099" /><testcase classname="tests.test_startup" name="test_integ_13_corrupted_state" time="0.063" /><testcase classname="tests.test_startup" name="test_integ_14_corrupted_checkpoint" time="0.063" /><testcase classname="tests.test_startup" name="test_integ_15_stop_graceful" time="0.101" /><testcase classname="tests.test_startup" name="test_integ_16_cursor_cmd_equals_cli" time="0.064" /><testcase classname="tests.test_startup" name="test_integ_17_path_handling" time="0.005" /><testcase classname="tests.test_startup" name="test_integ_18_paths_with_spaces" time="0.063" /><testcase classname="tests.test_startup" name="test_integ_19_uncommitted_git" time="0.062" /><testcase classname="tests.test_startup" name="test_integ_20_secrets_never_in_logs" time="0.062" /><testcase classname="tests.test_startup" name="test_all_cursor_commands_exist_and_thin" time="0.000" /><testcase classname="tests.test_startup" name="test_start_summary_format" time="0.062" /><testcase classname="tests.test_startup" name="test_new_subcommands_dispatched" time="0.023" /><testcase classname="tests.test_startup" name="test_version_command" time="0.035" /><testcase classname="tests.test_startup" name="test_exit_codes_documented" time="0.036" /><testcase classname="tests.test_startup" name="test_no_hardcoded_paths_in_new_code" time="0.001" /><testcase classname="tests.test_startup" name="test_dry_run_no_training_side_effects" time="0.065" /><testcase classname="tests.test_state_machine" name="test_valid_project_modes" time="0.000" /><testcase classname="tests.test_state_machine" name="test_default_state" time="0.001" /><testcase classname="tests.test_state_machine" name="test_state_machine_round_trip" time="0.001" /></testsuite></testsuites>