<?xml version="1.0" encoding="utf-8"?><testsuites name="pytest tests"><testsuite name="pytest" errors="0" failures="21" skipped="0" tests="258" time="327.008" timestamp="2026-07-18T12:25:10.642160+08:00" hostname="carlkestrel-System-Product-Name"><testcase classname="tests.test_chaos.TestExecutorKilled" name="test_kill_9_detects_and_recovers" time="4.066" /><testcase classname="tests.test_chaos.TestTrainingSubprocessKilled" name="test_training_killed_preserves_checkpoint" time="8.077"><failure message="sqlite3.OperationalError: no such column: status">E   sqlite3.OperationalError: no such column: status</failure></testcase><testcase classname="tests.test_chaos.TestCheckpointWriteInterrupted" name="test_partial_checkpoint_not_used" time="30.094" /><testcase classname="tests.test_chaos.TestSqliteLocked" name="test_sqlite_locked_retries_or_fails" time="3.004"><failure message="AssertionError: Should handle SQLite lock gracefully&#10;assert ('locked' in '' or 'locked' in '' or 'busy' in '' or 'busy' in '' or -15 == 0)&#10; +  where '' = &lt;built-in method lower of str object at 0x58cce192b5e0&gt;()&#10; +    where &lt;built-in method lower of str object at 0x58cce192b5e0&gt; = ''.lower&#10; +  and   '' = &lt;built-in method lower of str object at 0x58cce192b5e0&gt;()&#10; +    where &lt;built-in method lower of str object at 0x58cce192b5e0&gt; = ''.lower&#10; +  and   '' = &lt;built-in method lower of str object at 0x58cce192b5e0&gt;()&#10; +    where &lt;built-in method lower of str object at 0x58cce192b5e0&gt; = ''.lower&#10; +  and   '' = &lt;built-in method lower of str object at 0x58cce192b5e0&gt;()&#10; +    where &lt;built-in method lower of str object at 0x58cce192b5e0&gt; = ''.lower&#10; +  and   -15 = &lt;Popen: returncode: -15 args: ['/tmp/kestrel_r1_workspace/kestrel_r1_venv/bi...&gt;.returncode">E   AssertionError: Should handle SQLite lock gracefully
    assert ('locked' in '' or 'locked' in '' or 'busy' in '' or 'busy' in '' or -15 == 0)
     +  where '' = &lt;built-in method lower of str object at 0x58cce192b5e0&gt;()
     +    where &lt;built-in method lower of str object at 0x58cce192b5e0&gt; = ''.lower
     +  and   '' = &lt;built-in method lower of str object at 0x58cce192b5e0&gt;()
     +    where &lt;built-in method lower of str object at 0x58cce192b5e0&gt; = ''.lower
     +  and   '' = &lt;built-in method lower of str object at 0x58cce192b5e0&gt;()
     +    where &lt;built-in method lower of str object at 0x58cce192b5e0&gt; = ''.lower
     +  and   '' = &lt;built-in method lower of str object at 0x58cce192b5e0&gt;()
     +    where &lt;built-in method lower of str object at 0x58cce192b5e0&gt; = ''.lower
     +  and   -15 = &lt;Popen: returncode: -15 args: ['/tmp/kestrel_r1_workspace/kestrel_r1_venv/bi...&gt;.returncode</failure></testcase><testcase classname="tests.test_chaos.TestJsonStateHalfWrite" name="test_partial_json_state_not_corrupted" time="30.096" /><testcase classname="tests.test_chaos.TestDiskSpaceExhausted" name="test_safe_stop_before_corruption" time="30.134"><failure message="AssertionError: Watchdog command should not crash&#10;assert ('watchdog' in '' or 2 in (0, 1))&#10; +  where '' = &lt;built-in method lower of str object at 0x58cce192b5e0&gt;()&#10; +    where &lt;built-in method lower of str object at 0x58cce192b5e0&gt; = ''.lower&#10; +      where '' = CompletedProcess(args=['/tmp/kestrel_r1_workspace/kestrel_r1_venv/bin/python', '/home/carlkestrel/.cursor/plugins/loca..., help, record-experiment, update-experiment, get-experiments, human-checkpoint, check-principles, integrity-check)\n&quot;).stdout&#10; +  and   2 = CompletedProcess(args=['/tmp/kestrel_r1_workspace/kestrel_r1_venv/bin/python', '/home/carlkestrel/.cursor/plugins/loca..., help, record-experiment, update-experiment, get-experiments, human-checkpoint, check-principles, integrity-check)\n&quot;).returncode">E   AssertionError: Watchdog command should not crash
    assert ('watchdog' in '' or 2 in (0, 1))
     +  where '' = &lt;built-in method lower of str object at 0x58cce192b5e0&gt;()
     +    where &lt;built-in method lower of str object at 0x58cce192b5e0&gt; = ''.lower
     +      where '' = CompletedProcess(args=['/tmp/kestrel_r1_workspace/kestrel_r1_venv/bin/python', '/home/carlkestrel/.cursor/plugins/loca..., help, record-experiment, update-experiment, get-experiments, human-checkpoint, check-principles, integrity-check)\n").stdout
     +  and   2 = CompletedProcess(args=['/tmp/kestrel_r1_workspace/kestrel_r1_venv/bin/python', '/home/carlkestrel/.cursor/plugins/loca..., help, record-experiment, update-experiment, get-experiments, human-checkpoint, check-principles, integrity-check)\n").returncode</failure></testcase><testcase classname="tests.test_chaos.TestDataFileMissing" name="test_missing_data_clear_error" time="0.001"><failure message="IsADirectoryError: [Errno 21] Is a directory: '/tmp/kestrel_r3_workspace/basetemp/test_missing_data_clear_error0/golden'">E   IsADirectoryError: [Errno 21] Is a directory: '/tmp/kestrel_r3_workspace/basetemp/test_missing_data_clear_error0/golden'</failure></testcase><testcase classname="tests.test_chaos.TestCheckpointCorruption" name="test_corrupted_checkpoint_detected" time="30.141" /><testcase classname="tests.test_chaos.TestGpuUnavailable" name="test_gpu_unavailable_graceful_degradation" time="30.099" /><testcase classname="tests.test_chaos.TestLogfileStalls" name="test_watchdog_detects_stalled_task" time="0.026"><failure message="AssertionError: Watchdog should execute without crashing&#10;assert ('watchdog' in '' or 2 in (0, 1))&#10; +  where '' = &lt;built-in method lower of str object at 0x58cce192b5e0&gt;()&#10; +    where &lt;built-in method lower of str object at 0x58cce192b5e0&gt; = ''.lower&#10; +      where '' = CompletedProcess(args=['/tmp/kestrel_r1_workspace/kestrel_r1_venv/bin/python', '/home/carlkestrel/.cursor/plugins/loca..., help, record-experiment, update-experiment, get-experiments, human-checkpoint, check-principles, integrity-check)\n&quot;).stdout&#10; +  and   2 = CompletedProcess(args=['/tmp/kestrel_r1_workspace/kestrel_r1_venv/bin/python', '/home/carlkestrel/.cursor/plugins/loca..., help, record-experiment, update-experiment, get-experiments, human-checkpoint, check-principles, integrity-check)\n&quot;).returncode">E   AssertionError: Watchdog should execute without crashing
    assert ('watchdog' in '' or 2 in (0, 1))
     +  where '' = &lt;built-in method lower of str object at 0x58cce192b5e0&gt;()
     +    where &lt;built-in method lower of str object at 0x58cce192b5e0&gt; = ''.lower
     +      where '' = CompletedProcess(args=['/tmp/kestrel_r1_workspace/kestrel_r1_venv/bin/python', '/home/carlkestrel/.cursor/plugins/loca..., help, record-experiment, update-experiment, get-experiments, human-checkpoint, check-principles, integrity-check)\n").stdout
     +  and   2 = CompletedProcess(args=['/tmp/kestrel_r1_workspace/kestrel_r1_venv/bin/python', '/home/carlkestrel/.cursor/plugins/loca..., help, record-experiment, update-experiment, get-experiments, human-checkpoint, check-principles, integrity-check)\n").returncode</failure></testcase><testcase classname="tests.test_chaos.TestPlanChangesDuringRecovery" name="test_plan_hash_prevents_stale_plan" time="3.075"><failure message="AssertionError: Resume should handle plan changes gracefully&#10;assert 8 in (0, 1)&#10; +  where 8 = CompletedProcess(args=['/tmp/kestrel_r1_workspace/kestrel_r1_venv/bin/python', '/home/carlkestrel/.cursor/plugins/loca... Full Log:     /tmp/kestrel_r3_workspace/basetemp/test_plan_hash_prevents_stale_0/golden/.repro/startup/startup.log\n').returncode">E   AssertionError: Resume should handle plan changes gracefully
    assert 8 in (0, 1)
     +  where 8 = CompletedProcess(args=['/tmp/kestrel_r1_workspace/kestrel_r1_venv/bin/python', '/home/carlkestrel/.cursor/plugins/loca... Full Log:     /tmp/kestrel_r3_workspace/basetemp/test_plan_hash_prevents_stale_0/golden/.repro/startup/startup.log\n').returncode</failure></testcase><testcase classname="tests.test_chaos.TestPluginUpgradesDuringTask" name="test_plugin_version_recorded" time="30.138" /><testcase classname="tests.test_chaos.TestPassTaskEvidenceDeleted" name="test_missing_evidence_detected" time="30.140" /><testcase classname="tests.test_chaos.TestAutoRetryHitsLimit" name="test_max_retries_then_fail" time="30.122"><failure message="sqlite3.OperationalError: no such column: status">E   sqlite3.OperationalError: no such column: status</failure></testcase><testcase classname="tests.test_chaos.TestFalseCompleteRefusal" name="test_blocked_task_not_marked_complete" time="0.021" /><testcase classname="tests.test_chaos" name="test_training_subprocess_killed" time="0.000" /><testcase classname="tests.test_chaos" name="test_checkpoint_write_interrupted" time="0.001" /><testcase classname="tests.test_chaos" name="test_sqlite_locked" time="0.000" /><testcase classname="tests.test_chaos" name="test_json_state_half_write" time="0.000" /><testcase classname="tests.test_chaos" name="test_disk_space_exhausted" time="0.000" /><testcase classname="tests.test_chaos" name="test_data_file_missing" time="0.000" /><testcase classname="tests.test_chaos" name="test_gpu_unavailable" time="0.000" /><testcase classname="tests.test_chaos" name="test_logfile_stops_updating" time="0.000" /><testcase classname="tests.test_chaos" name="test_plan_changes_during_recovery" time="0.000" /><testcase classname="tests.test_chaos" name="test_plugin_upgrades_during_task" time="0.000" /><testcase classname="tests.test_chaos" name="test_pass_task_evidence_deleted" time="0.000" /><testcase classname="tests.test_chaos" name="test_auto_retry_hits_limit" time="0.000" /><testcase classname="tests.test_chaos" name="test_false_complete_refusal" time="0.000" /><testcase classname="tests.test_checkpoint_recovery" name="test_checkpoint_metadata_round_trip" time="0.000" /><testcase classname="tests.test_checkpoint_recovery" name="test_resume_continuity_no_loss_gap" time="0.000" /><testcase classname="tests.test_handoff" name="test_handoff_template_has_12_required_fields" time="0.000" /><testcase classname="tests.test_handoff" name="test_handoff_round_trip" time="0.000" /><testcase classname="tests.test_human_checkpoint" name="test_default_flag_blocks" time="0.000" /><testcase classname="tests.test_human_checkpoint" name="test_disabled_flag_passes" time="0.000" /><testcase classname="tests.test_human_checkpoint" name="test_override_requires_approver" time="0.000" /><testcase classname="tests.test_human_checkpoint" name="test_override_with_approver_returns_zero" time="0.000" /><testcase classname="tests.test_human_checkpoint" name="test_twelve_items_listed" time="0.000" /><testcase classname="tests.test_l0_l3" name="test_l0_smoke" time="0.031" /><testcase classname="tests.test_l0_l3" name="test_l1_overfit" time="0.030" /><testcase classname="tests.test_l0_l3" name="test_l2_mini_loop" time="0.029" /><testcase classname="tests.test_l0_l3" name="test_l3_checkpoint_resume" time="0.031" /><testcase classname="tests.test_metrics_recompute" name="test_per_class_iou_recompute_from_confusion_matrix" time="0.000" /><testcase classname="tests.test_metrics_recompute" name="test_metric_recompute_matches_aggregate" time="0.000" /><testcase classname="tests.test_minimal_e2e" name="test_fixture_train_produces_expected_artifacts" time="0.084" /><testcase classname="tests.test_minimal_e2e" name="test_fixture_determinism" time="0.159" /><testcase classname="tests.test_mode_switch" name="test_set_project_mode_logs_decision" time="0.001" /><testcase classname="tests.test_mode_switch" name="test_set_project_mode_rejects_invalid" time="0.000" /><testcase classname="tests.test_orchestrator" name="test_1_five_serial_tasks_complete" time="0.042"><failure message="AssertionError: {'status': 'BLOCKED', 'reason': 'mandatory tasks not PASS: task-1, task-2, task-3, task-4, task-5', 'project_root': '/...{'journal_records_repaired': 3, 'running_processes': [], 'verification_ready': [], 'missing_checkpoint': [], ...}, ...}&#10;assert 'BLOCKED' == 'COMPLETE'&#10;  &#10;  - COMPLETE&#10;  + BLOCKED">E   AssertionError: {'status': 'BLOCKED', 'reason': 'mandatory tasks not PASS: task-1, task-2, task-3, task-4, task-5', 'project_root': '/...{'journal_records_repaired': 3, 'running_processes': [], 'verification_ready': [], 'missing_checkpoint': [], ...}, ...}
    assert 'BLOCKED' == 'COMPLETE'
      
      - COMPLETE
      + BLOCKED</failure></testcase><testcase classname="tests.test_orchestrator" name="test_2_independent_readonly_tasks_parallel" time="0.047"><failure message="AssertionError: {'status': 'BLOCKED', 'reason': 'mandatory tasks not PASS: join, ro-0, ro-1, ro-2', 'project_root': '/tmp/kestrel_r3_w...{'journal_records_repaired': 3, 'running_processes': [], 'verification_ready': [], 'missing_checkpoint': [], ...}, ...}&#10;assert 'BLOCKED' == 'COMPLETE'&#10;  &#10;  - COMPLETE&#10;  + BLOCKED">E   AssertionError: {'status': 'BLOCKED', 'reason': 'mandatory tasks not PASS: join, ro-0, ro-1, ro-2', 'project_root': '/tmp/kestrel_r3_w...{'journal_records_repaired': 3, 'running_processes': [], 'verification_ready': [], 'missing_checkpoint': [], ...}, ...}
    assert 'BLOCKED' == 'COMPLETE'
      
      - COMPLETE
      + BLOCKED</failure></testcase><testcase classname="tests.test_orchestrator" name="test_3_failure_auto_retries_once" time="0.035"><failure message="AssertionError: {'status': 'BLOCKED', 'reason': 'mandatory tasks not PASS: flaky, setup', 'project_root': '/tmp/kestrel_r3_workspace/b...{'journal_records_repaired': 3, 'running_processes': [], 'verification_ready': [], 'missing_checkpoint': [], ...}, ...}&#10;assert 'BLOCKED' == 'COMPLETE'&#10;  &#10;  - COMPLETE&#10;  + BLOCKED">E   AssertionError: {'status': 'BLOCKED', 'reason': 'mandatory tasks not PASS: flaky, setup', 'project_root': '/tmp/kestrel_r3_workspace/b...{'journal_records_repaired': 3, 'running_processes': [], 'verification_ready': [], 'missing_checkpoint': [], ...}, ...}
    assert 'BLOCKED' == 'COMPLETE'
      
      - COMPLETE
      + BLOCKED</failure></testcase><testcase classname="tests.test_orchestrator" name="test_4_blocked_after_max_retries" time="0.031"><failure message="TypeError: StateStore.transition_task() got an unexpected keyword argument 'event_type'">E   AttributeError: 'StateStore' object has no attribute 'set_process'

During handling of the above exception, another exception occurred:
E   TypeError: StateStore.transition_task() got an unexpected keyword argument 'event_type'</failure></testcase><testcase classname="tests.test_orchestrator" name="test_5_require_approval_pauses" time="10.047"><failure message="AssertionError: task never reached WAITING_APPROVAL&#10;assert []">E   AssertionError: task never reached WAITING_APPROVAL
    assert []</failure></testcase><testcase classname="tests.test_orchestrator" name="test_6_approve_resumes" time="10.029"><failure message="AssertionError: approval was never created&#10;assert []">E   AssertionError: approval was never created
    assert []</failure></testcase><testcase classname="tests.test_orchestrator" name="test_7_reject_skips_task" time="10.038"><failure message="AssertionError: approval was never created&#10;assert []">E   AssertionError: approval was never created
    assert []</failure></testcase><testcase classname="tests.test_orchestrator" name="test_8_long_task_auto_verify" time="0.036"><failure message="AssertionError: {'status': 'BLOCKED', 'reason': 'mandatory tasks not PASS: long', 'project_root': '/tmp/kestrel_r3_workspace/basetemp/...{'journal_records_repaired': 3, 'running_processes': [], 'verification_ready': [], 'missing_checkpoint': [], ...}, ...}&#10;assert 'BLOCKED' == 'COMPLETE'&#10;  &#10;  - COMPLETE&#10;  + BLOCKED">E   AssertionError: {'status': 'BLOCKED', 'reason': 'mandatory tasks not PASS: long', 'project_root': '/tmp/kestrel_r3_workspace/basetemp/...{'journal_records_repaired': 3, 'running_processes': [], 'verification_ready': [], 'missing_checkpoint': [], ...}, ...}
    assert 'BLOCKED' == 'COMPLETE'
      
      - COMPLETE
      + BLOCKED</failure></testcase><testcase classname="tests.test_orchestrator" name="test_9_recover_after_kill" time="0.054"><failure message="AssertionError: {'status': 'BLOCKED', 'reason': 'mandatory tasks not PASS: long', 'project_root': '/tmp/kestrel_r3_workspace/basetemp/...'journal_records_repaired': 10, 'running_processes': [], 'verification_ready': [], 'missing_checkpoint': [], ...}, ...}&#10;assert 'BLOCKED' == 'COMPLETE'&#10;  &#10;  - COMPLETE&#10;  + BLOCKED">E   AssertionError: {'status': 'BLOCKED', 'reason': 'mandatory tasks not PASS: long', 'project_root': '/tmp/kestrel_r3_workspace/basetemp/...'journal_records_repaired': 10, 'running_processes': [], 'verification_ready': [], 'missing_checkpoint': [], ...}, ...}
    assert 'BLOCKED' == 'COMPLETE'
      
      - COMPLETE
      + BLOCKED</failure></testcase><testcase classname="tests.test_orchestrator" name="test_10_passed_task_not_re_run" time="0.042"><failure message="AssertionError: assert 'BLOCKED' == 'COMPLETE'&#10;  &#10;  - COMPLETE&#10;  + BLOCKED">E   AssertionError: assert 'BLOCKED' == 'COMPLETE'
      
      - COMPLETE
      + BLOCKED</failure></testcase><testcase classname="tests.test_orchestrator" name="test_11_cycle_dependency_blocked" time="0.031" /><testcase classname="tests.test_orchestrator" name="test_12_no_ready_exits_blocked" time="0.038" /><testcase classname="tests.test_orchestrator" name="test_13_pause_continue_stop" time="10.039"><failure message="assert False&#10; +  where False = _wait_until(&lt;function test_13_pause_continue_stop.&lt;locals&gt;.&lt;lambda&gt; at 0x799cf4b34e00&gt;, timeout=10)">E   assert False
     +  where False = _wait_until(&lt;function test_13_pause_continue_stop.&lt;locals&gt;.&lt;lambda&gt; at 0x799cf4b34e00&gt;, timeout=10)</failure></testcase><testcase classname="tests.test_orchestrator" name="test_14_final_acceptance_failure_blocks" time="0.038"><failure message="AssertionError: assert 'PENDING' == 'FAILED'&#10;  &#10;  - FAILED&#10;  + PENDING">E   AssertionError: assert 'PENDING' == 'FAILED'
      
      - FAILED
      + PENDING</failure></testcase><testcase classname="tests.test_orchestrator" name="test_15_policy_change_takes_effect" time="10.036"><failure message="assert []&#10; +  where [] = _wait_until(&lt;function test_15_policy_change_takes_effect.&lt;locals&gt;.&lt;lambda&gt; at 0x799cf4b36e80&gt;, timeout=10)">E   assert []
     +  where [] = _wait_until(&lt;function test_15_policy_change_takes_effect.&lt;locals&gt;.&lt;lambda&gt; at 0x799cf4b36e80&gt;, timeout=10)</failure></testcase><testcase classname="tests.test_orchestrator" name="test_16_daemon_start_on_fresh_project" time="0.187" /><testcase classname="tests.test_orchestrator" name="test_17_daemon_child_arg_recognized" time="0.084" /><testcase classname="tests.test_orchestrator" name="test_18_daemon_stop_terminates_orphan_workers" time="10.101"><failure message="AssertionError: worker task never reached RUNNING&#10;assert False&#10; +  where False = _wait_until(&lt;function test_18_daemon_stop_terminates_orphan_workers.&lt;locals&gt;.&lt;lambda&gt; at 0x799cf4b376a0&gt;, timeout=10)">E   AssertionError: worker task never reached RUNNING
    assert False
     +  where False = _wait_until(&lt;function test_18_daemon_stop_terminates_orphan_workers.&lt;locals&gt;.&lt;lambda&gt; at 0x799cf4b376a0&gt;, timeout=10)</failure></testcase><testcase classname="tests.test_ostar" name="test_exit_codes_are_distinct" time="0.002" /><testcase classname="tests.test_ostar" name="test_verdict_values" time="0.000" /><testcase classname="tests.test_ostar" name="test_error_classes_no_overlap" time="0.000" /><testcase classname="tests.test_ostar" name="test_duration_parsing" time="0.002" /><testcase classname="tests.test_ostar" name="test_duration_parsing_invalid" time="0.000" /><testcase classname="tests.test_ostar" name="test_config_validate" time="0.000" /><testcase classname="tests.test_ostar" name="test_config_to_dict_roundtrip" time="0.000" /><testcase classname="tests.test_ostar" name="test_config_from_args" time="0.000" /><testcase classname="tests.test_ostar" name="test_soak_state_init_run" time="0.010" /><testcase classname="tests.test_ostar" name="test_soak_state_heartbeat" time="0.008" /><testcase classname="tests.test_ostar" name="test_soak_state_cycle_record" time="0.009" /><testcase classname="tests.test_ostar" name="test_soak_state_bug_upsert" time="0.009" /><testcase classname="tests.test_ostar" name="test_soak_state_bug_upsert_increments" time="0.011" /><testcase classname="tests.test_ostar" name="test_soak_state_ci_result" time="0.011" /><testcase classname="tests.test_ostar" name="test_soak_state_repair" time="0.011" /><testcase classname="tests.test_ostar" name="test_soak_state_checkpoints" time="0.008" /><testcase classname="tests.test_ostar" name="test_soak_state_status_summary" time="0.008" /><testcase classname="tests.test_ostar" name="test_hardware_monitor_snapshot" time="0.013" /><testcase classname="tests.test_ostar" name="test_hardware_monitor_policy_defaults" time="0.000" /><testcase classname="tests.test_ostar" name="test_hardware_monitor_check_safe" time="0.009" /><testcase classname="tests.test_ostar" name="test_guard_result_to_dict" time="0.003" /><testcase classname="tests.test_ostar" name="test_guard_run" time="0.030" /><testcase classname="tests.test_ostar" name="test_repair_node_fingerprint" time="0.006" /><testcase classname="tests.test_ostar" name="test_repair_node_classify" time="0.000" /><testcase classname="tests.test_ostar" name="test_repair_node_classify_oom" time="0.000" /><testcase classname="tests.test_ostar" name="test_repair_node_classify_file_not_found" time="0.000" /><testcase classname="tests.test_ostar" name="test_repair_node_classify_blocked" time="0.000" /><testcase classname="tests.test_ostar" name="test_run_subprocess_timeout" time="2.003" /><testcase classname="tests.test_ostar" name="test_run_subprocess_success" time="0.012" /><testcase classname="tests.test_ostar" name="test_resource_sample" time="0.004" /><testcase classname="tests.test_ostar" name="test_exit_validator_no_run" time="0.007" /><testcase classname="tests.test_ostar" name="test_verdict_badges" time="0.002" /><testcase classname="tests.test_ostar" name="test_verdict_colors" time="0.000" /><testcase classname="tests.test_ostar" name="test_cli_help" time="0.046" /><testcase classname="tests.test_ostar" name="test_cli_subcommands" time="0.003" /><testcase classname="tests.test_parity" name="test_parity_within_tolerance" time="0.000" /><testcase classname="tests.test_parity" name="test_parity_failure_flagged" time="0.000" /><testcase classname="tests.test_plugin_discovery" name="test_manifest_is_valid_json" time="0.000" /><testcase classname="tests.test_plugin_discovery" name="test_commands_directory_resolves" time="0.000" /><testcase classname="tests.test_plugin_discovery" name="test_agents_directory_resolves" time="0.000" /><testcase classname="tests.test_plugin_discovery" name="test_all_commands_have_yaml_frontmatter" time="0.001" /><testcase classname="tests.test_r1_acceptance" name="test_editable_install_marker_exists" time="0.000" /><testcase classname="tests.test_r1_acceptance" name="test_scripts_package_imports" time="0.001" /><testcase classname="tests.test_r1_acceptance" name="test_reproctl_version_via_module" time="0.000" /><testcase classname="tests.test_r1_acceptance" name="test_reproctl_console_script_present" time="0.000" /><testcase classname="tests.test_r1_acceptance" name="test_pyproject_version_is_a_semver" time="0.000" /><testcase classname="tests.test_r1_acceptance" name="test_version_three_sources_in_sync" time="0.000" /><testcase classname="tests.test_r1_acceptance" name="test_fixture_locator_resolves" time="0.001" /><testcase classname="tests.test_r1_acceptance" name="test_fixture_locator_works_from_random_cwd" time="0.000" /><testcase classname="tests.test_r1_acceptance" name="test_other_data_roots_resolve" time="0.001" /><testcase classname="tests.test_r1_acceptance" name="test_no_absolute_paths_in_conftest" time="0.000" /><testcase classname="tests.test_r1_acceptance" name="test_reproctl_help_runs" time="0.029" /><testcase classname="tests.test_r1_acceptance" name="test_reproctl_version_subcommand_runs" time="0.044" /><testcase classname="tests.test_r2_acceptance" name="test_valid_plan_passes" time="0.001" /><testcase classname="tests.test_r2_acceptance" name="test_missing_acceptance_tests_rejected" time="0.001" /><testcase classname="tests.test_r2_acceptance" name="test_empty_acceptance_tests_rejected" time="0.001" /><testcase classname="tests.test_r2_acceptance" name="test_unknown_dep_rejected" time="0.001" /><testcase classname="tests.test_r2_acceptance" name="test_circular_deps_rejected" time="0.001" /><testcase classname="tests.test_r2_acceptance" name="test_illegal_execution_track_rejected" time="0.000" /><testcase classname="tests.test_r2_acceptance" name="test_legacy_strict_repro_migrates" time="0.000" /><testcase classname="tests.test_r2_acceptance" name="test_legacy_legacy_mode_map_strict_repro" time="0.000" /><testcase classname="tests.test_r2_acceptance" name="test_legacy_experimental_fast" time="0.000" /><testcase classname="tests.test_r2_acceptance" name="test_ambiguous_mode_needs_review" time="0.000" /><testcase classname="tests.test_r2_acceptance" name="test_unknown_mode_needs_review" time="0.000" /><testcase classname="tests.test_r2_acceptance" name="test_canonical_hash_stable" time="0.001" /><testcase classname="tests.test_r2_acceptance" name="test_canonical_hash_independent_of_order" time="0.000" /><testcase classname="tests.test_r2_acceptance" name="test_content_change_changes_hash" time="0.001" /><testcase classname="tests.test_r2_acceptance" name="test_plan_hash_invalidation" time="0.000" /><testcase classname="tests.test_r2_acceptance" name="test_action_not_in_grant_denied" time="0.000" /><testcase classname="tests.test_r2_acceptance" name="test_action_in_grant_passes" time="0.000" /><testcase classname="tests.test_r2_acceptance" name="test_write_outside_allowed_roots_denied" time="0.000" /><testcase classname="tests.test_r2_acceptance" name="test_write_within_allowed_roots_passes" time="0.000" /><testcase classname="tests.test_r2_acceptance" name="test_symlink_traversal_denied" time="0.000" /><testcase classname="tests.test_r2_acceptance" name="test_expired_contract_denies" time="0.000" /><testcase classname="tests.test_r2_acceptance" name="test_revoked_contract_denies" time="0.000" /><testcase classname="tests.test_r2_acceptance" name="test_legacy_file_discovery" time="0.000" /><testcase classname="tests.test_r2_acceptance" name="test_legacy_pass_migrates_to_legacy_unverified" time="0.001" /><testcase classname="tests.test_r2_acceptance" name="test_migration_backup_created" time="0.000" /><testcase classname="tests.test_r2_acceptance" name="test_state_conflict_detected" time="0.020" /><testcase classname="tests.test_r2_acceptance" name="test_snapshot_is_export_only" time="0.008" /><testcase classname="tests.test_r2_acceptance" name="test_human_cannot_set_passed_directly" time="0.018" /><testcase classname="tests.test_r2_acceptance" name="test_waived_vs_passed_column_separation" time="0.030" /><testcase classname="tests.test_r2_acceptance" name="test_transaction_rollback_no_half_migration" time="0.019" /><testcase classname="tests.test_r2_acceptance" name="test_post_recovery_hash_and_auth_consistent" time="0.018" /><testcase classname="tests.test_r3_0_acceptance" name="test_01_single_state_store_implementation" time="0.000" /><testcase classname="tests.test_r3_0_acceptance" name="test_02_new_project_creates_one_sqlite" time="0.007" /><testcase classname="tests.test_r3_0_acceptance" name="test_03_startup_writes_orchestrator_reads" time="0.009" /><testcase classname="tests.test_r3_0_acceptance" name="test_04_orchestrator_writes_startup_reads" time="0.009" /><testcase classname="tests.test_r3_0_acceptance" name="test_05_plan_and_authorization_same_transaction" time="0.018" /><testcase classname="tests.test_r3_0_acceptance" name="test_06_transaction_failure_rolls_back" time="0.007" /><testcase classname="tests.test_r3_0_acceptance" name="test_07_two_old_dbs_no_conflict_migrate" time="0.019" /><testcase classname="tests.test_r3_0_acceptance" name="test_08_state_conflict_blocks" time="0.017" /><testcase classname="tests.test_r3_0_acceptance" name="test_09_legacy_json_one_way_migration" time="0.012" /><testcase classname="tests.test_r3_0_acceptance" name="test_10_snapshot_is_export_only" time="0.018" /><testcase classname="tests.test_r3_0_acceptance" name="test_11_auth_hash_includes_schema_version" time="0.000" /><testcase classname="tests.test_r3_0_acceptance" name="test_12_schema_upgrade_invalidates_authorization" time="0.022" /><testcase classname="tests.test_r3_0_acceptance" name="test_13_plan_lineage_no_inheritance" time="0.025" /><testcase classname="tests.test_r3_0_acceptance" name="test_14_concurrent_writes_no_state_drift" time="0.136" /><testcase classname="tests.test_r3_0_acceptance" name="test_15_pause_resume_uses_same_db" time="0.021" /><testcase classname="tests.test_r3_0_acceptance" name="test_16_single_state_authority_self_check" time="0.004" /><testcase classname="tests.test_r3_0_acceptance" name="test_summary_r3_0" time="0.000" /><testcase classname="tests.test_regression" name="test_01_manifest_valid" time="0.000" /><testcase classname="tests.test_regression" name="test_02_commands_listed" time="0.000" /><testcase classname="tests.test_regression" name="test_03_agents_listed" time="0.000" /><testcase classname="tests.test_regression" name="test_04_templates_listed" time="0.000" /><testcase classname="tests.test_regression" name="test_05_strict_mode_default" time="0.000" /><testcase classname="tests.test_regression" name="test_06_short_loop_block" time="0.025" /><testcase classname="tests.test_regression" name="test_07_metrics_file_exists" time="0.000" /><testcase classname="tests.test_regression" name="test_08_traceability_rule" time="0.000" /><testcase classname="tests.test_regression" name="test_09_rollback_capable" time="0.000" /><testcase classname="tests.test_repro_perf" name="test_parse" time="0.006" /><testcase classname="tests.test_repro_perf" name="test_templates" time="0.000" /><testcase classname="tests.test_repro_perf" name="test_template_schemas" time="0.000" /><testcase classname="tests.test_repro_perf" name="test_command" time="0.000" /><testcase classname="tests.test_repro_perf" name="test_health_phase" time="0.061" /><testcase classname="tests.test_repro_perf" name="test_baseline_phase" time="0.030" /><testcase classname="tests.test_repro_perf" name="test_capacity_phase" time="0.030" /><testcase classname="tests.test_repro_perf" name="test_parity_phase" time="0.030" /><testcase classname="tests.test_repro_perf" name="test_soak_phase" time="0.029" /><testcase classname="tests.test_repro_perf" name="test_recommend_phase" time="0.031" /><testcase classname="tests.test_repro_perf" name="test_strict_optimized" time="0.000" /><testcase classname="tests.test_repro_perf" name="test_no_safe_speedup" time="0.000" /><testcase classname="tests.test_repro_perf" name="test_12_rules" time="0.000" /><testcase classname="tests.test_repro_perf" name="test_tuning_trials_columns" time="0.000" /><testcase classname="tests.test_repro_perf" name="test_rollback_triggers" time="0.000" /><testcase classname="tests.test_stabilization.TestMigration" name="test_migrate_adds_version_fields" time="0.009" /><testcase classname="tests.test_stabilization.TestMigration" name="test_migrate_dry_run_reports_changes" time="0.007" /><testcase classname="tests.test_stabilization.TestMigration" name="test_migrate_creates_backup" time="0.010" /><testcase classname="tests.test_stabilization.TestMigration" name="test_rollback_restores_state" time="0.009" /><testcase classname="tests.test_stabilization.TestMigration" name="test_minimum_version_blocked" time="0.007" /><testcase classname="tests.test_stabilization.TestBackup" name="test_backup_creates_snapshot_manifest" time="0.007" /><testcase classname="tests.test_stabilization.TestBackup" name="test_integrity_check_detects_orphan_running" time="0.019" /><testcase classname="tests.test_stabilization.TestBackup" name="test_integrity_check_detects_missing_evidence" time="0.025" /><testcase classname="tests.test_stabilization.TestBackup" name="test_integrity_check_detects_empty_acceptance_tests" time="0.019" /><testcase classname="tests.test_stabilization.TestCLIDispatching" name="test_migrate_cli_command_exists" time="0.041" /><testcase classname="tests.test_stabilization.TestCLIDispatching" name="test_backup_cli_command_exists" time="0.040" /><testcase classname="tests.test_stabilization.TestCLIDispatching" name="test_integrity_check_cli_command_exists" time="0.041" /><testcase classname="tests.test_startup" name="test_modules_load" time="0.000" /><testcase classname="tests.test_startup" name="test_secrets_redactor_strips_auth_header" time="0.000" /><testcase classname="tests.test_startup" name="test_secrets_redactor_strips_token_password_cookie" time="0.000" /><testcase classname="tests.test_startup" name="test_secrets_redactor_no_op_for_normal_text" time="0.000" /><testcase classname="tests.test_startup" name="test_lock_acquire_and_reject_duplicate" time="0.000" /><testcase classname="tests.test_startup" name="test_lock_stale_is_cleared" time="0.000" /><testcase classname="tests.test_startup" name="test_lock_release_removes_file" time="0.000" /><testcase classname="tests.test_startup" name="test_config_priority_cli_over_yaml" time="0.001" /><testcase classname="tests.test_startup" name="test_config_priority_yaml_over_default" time="0.000" /><testcase classname="tests.test_startup" name="test_config_bad_format_raises" time="0.000" /><testcase classname="tests.test_startup" name="test_plan_missing_raises" time="0.000" /><testcase classname="tests.test_startup" name="test_plan_invalid_raises" time="0.000" /><testcase classname="tests.test_startup" name="test_plan_ok" time="0.001" /><testcase classname="tests.test_startup" name="test_plan_cycle_detected" time="0.001" /><testcase classname="tests.test_startup" name="test_plan_missing_acceptance_task_detected" time="0.001" /><testcase classname="tests.test_startup" name="test_doctor_clean_project" time="0.059" /><testcase classname="tests.test_startup" name="test_doctor_no_gpu_status_warning" time="0.053" /><testcase classname="tests.test_startup" name="test_doctor_cuda_mismatch" time="0.050" /><testcase classname="tests.test_startup" name="test_doctor_disk_full" time="0.050" /><testcase classname="tests.test_startup" name="test_state_machine_first_safe_task_claimed" time="0.006" /><testcase classname="tests.test_startup" name="test_state_machine_dry_run_does_not_claim" time="0.006" /><testcase classname="tests.test_startup" name="test_state_machine_corrupt_state_blocks" time="0.005" /><testcase classname="tests.test_startup" name="test_state_machine_plan_hash_changed" time="0.005" /><testcase classname="tests.test_startup" name="test_recovery_skips_passed_tasks" time="0.006" /><testcase classname="tests.test_startup" name="test_stop_records_state" time="0.005" /><testcase classname="tests.test_startup" name="test_stop_clears_lock" time="0.005" /><testcase classname="tests.test_startup" name="test_integ_01_fresh_start" time="0.072" /><testcase classname="tests.test_startup" name="test_integ_02_dry_run" time="0.073" /><testcase classname="tests.test_startup" name="test_integ_03_missing_plan" time="0.048" /><testcase classname="tests.test_startup" name="test_integ_04_invalid_plan" time="0.070" /><testcase classname="tests.test_startup" name="test_integ_05_bad_config_format" time="0.048" /><testcase classname="tests.test_startup" name="test_integ_06_no_gpu" time="0.073" /><testcase classname="tests.test_startup" name="test_integ_07_cuda_mismatch" time="0.072" /><testcase classname="tests.test_startup" name="test_integ_08_disk_full" time="0.072" /><testcase classname="tests.test_startup" name="test_integ_09_duplicate_start" time="1.076" /><testcase classname="tests.test_startup" name="test_integ_10_stale_lock" time="0.075" /><testcase classname="tests.test_startup" name="test_integ_11_interrupted_recovery" time="0.118" /><testcase classname="tests.test_startup" name="test_integ_12_plan_hash_changed" time="0.116" /><testcase classname="tests.test_startup" name="test_integ_13_corrupted_state" time="0.071" /><testcase classname="tests.test_startup" name="test_integ_14_corrupted_checkpoint" time="0.071" /><testcase classname="tests.test_startup" name="test_integ_15_stop_graceful" time="0.114" /><testcase classname="tests.test_startup" name="test_integ_16_cursor_cmd_equals_cli" time="0.071" /><testcase classname="tests.test_startup" name="test_integ_17_path_handling" time="0.005" /><testcase classname="tests.test_startup" name="test_integ_18_paths_with_spaces" time="0.071" /><testcase classname="tests.test_startup" name="test_integ_19_uncommitted_git" time="0.072" /><testcase classname="tests.test_startup" name="test_integ_20_secrets_never_in_logs" time="0.073" /><testcase classname="tests.test_startup" name="test_all_cursor_commands_exist_and_thin" time="0.000" /><testcase classname="tests.test_startup" name="test_start_summary_format" time="0.075" /><testcase classname="tests.test_startup" name="test_new_subcommands_dispatched" time="0.025" /><testcase classname="tests.test_startup" name="test_version_command" time="0.043" /><testcase classname="tests.test_startup" name="test_exit_codes_documented" time="0.043" /><testcase classname="tests.test_startup" name="test_no_hardcoded_paths_in_new_code" time="0.001" /><testcase classname="tests.test_startup" name="test_dry_run_no_training_side_effects" time="0.077" /><testcase classname="tests.test_state_machine" name="test_valid_project_modes" time="0.000" /><testcase classname="tests.test_state_machine" name="test_default_state" time="0.001" /><testcase classname="tests.test_state_machine" name="test_state_machine_round_trip" time="0.001" /></testsuite></testsuites>